<?xml version="1.0" encoding="UTF-8"?>
<testsuites name="jest tests" tests="4" failures="0" errors="0" time="1.306">
  <testsuite name="undefined" errors="0" failures="0" skipped="0" timestamp="2023-08-01T07:12:52" time="0.369" tests="1">
    <testcase classname=" get description" name=" get description" time="0.005">
    </testcase>
  </testsuite>
  <testsuite name="undefined" errors="0" failures="0" skipped="0" timestamp="2023-08-01T07:12:52" time="0.37" tests="1">
    <testcase classname=" complete multi suites" name=" complete multi suites" time="0.006">
    </testcase>
  </testsuite>
  <testsuite name="undefined" errors="0" failures="0" skipped="0" timestamp="2023-08-01T07:12:52" time="0.383" tests="1">
    <testcase classname=" get files" name=" get files" time="0.037">
    </testcase>
  </testsuite>
  <testsuite name="undefined" errors="0" failures="0" skipped="0" timestamp="2023-08-01T07:12:52" time="0.642" tests="1">
    <testcase classname=" get suites" name=" get suites" time="0.27">
    </testcase>
  </testsuite>
</testsuites>